<?xml version="1.0" encoding="UTF-8"?>
<testsuite name="AnagramTest" tests="1" skipped="0" failures="0" errors="0" timestamp="2016-09-07T23:18:50" hostname="epicodus-8.local" time="0.002">
  <properties/>
  <testcase name="checkAnagram_compareTwoInputs_True" classname="AnagramTest" time="0.002"/>
  <system-out><![CDATA[]]></system-out>
  <system-err><![CDATA[]]></system-err>
</testsuite>
